<?xml version="1.0" encoding="UTF-8"?>
<!-- Generated by org.testng.reporters.JUnitReportReporter -->
<testsuite skipped="0" hostname="DESKTOP-99FK3RL" name="com.crm.comcast.GenericUtiles.DatabaseUtility" tests="2" failures="0" timestamp="2021-06-04T13:53:01 IST" time="0.407" errors="0">
  <testcase name="DatabaseExecuteQuery" time="0.312" classname="com.crm.comcast.GenericUtiles.DatabaseUtility"/>
  <system-out/>
  <testcase name="DatabaseExecuteUpdate" time="0.095" classname="com.crm.comcast.GenericUtiles.DatabaseUtility"/>
  <system-out/>
</testsuite> <!-- com.crm.comcast.GenericUtiles.DatabaseUtility -->
