<?xml version="1.0" encoding="UTF-8"?>
<!-- Generated by org.testng.reporters.JUnitReportReporter -->
<testsuite skipped="0" hostname="DESKTOP-99FK3RL" name="com.crm.comcast.VtigetTest.CreateContactWithOrganization" tests="1" failures="0" timestamp="2021-06-11T15:36:12 IST" time="25.502" errors="0">
  <testcase name="CreateContactWithOrganization" time="25.502" classname="com.crm.comcast.VtigetTest.CreateContactWithOrganization"/>
  <system-out/>
</testsuite> <!-- com.crm.comcast.VtigetTest.CreateContactWithOrganization -->
