<?xml version="1.0" encoding="UTF-8"?>
<!-- Generated by org.testng.reporters.JUnitReportReporter -->
<testsuite skipped="0" hostname="DESKTOP-99FK3RL" name="com.crm.comcast_Practice.DemoDataProvider" tests="2" failures="0" timestamp="2021-06-15T20:29:57 IST" time="0.006" errors="0">
  <testcase name="readData" time="0.004" classname="com.crm.comcast_Practice.DemoDataProvider"/>
  <system-out/>
  <testcase name="readData" time="0.002" classname="com.crm.comcast_Practice.DemoDataProvider"/>
  <system-out/>
</testsuite> <!-- com.crm.comcast_Practice.DemoDataProvider -->
