<?xml version="1.0" encoding="UTF-8"?>
<!-- Generated by org.testng.reporters.JUnitReportReporter -->
<testsuite skipped="0" hostname="DESKTOP-99FK3RL" name="com.crm.comcast.VtigetTest.CreateOrganizationWithIndustry" tests="1" failures="0" timestamp="2021-06-11T15:41:48 IST" time="20.942" errors="0">
  <testcase name="CreateOrganizationWithIndustry" time="20.942" classname="com.crm.comcast.VtigetTest.CreateOrganizationWithIndustry"/>
  <system-out/>
</testsuite> <!-- com.crm.comcast.VtigetTest.CreateOrganizationWithIndustry -->
