<?xml version="1.0" encoding="UTF-8"?>
<!-- Generated by org.testng.reporters.JUnitReportReporter -->
<testsuite skipped="0" hostname="DESKTOP-99FK3RL" name="com.crm.comcast_Practice.SampleJDBCExecuteUpdate" tests="1" failures="0" timestamp="2021-06-15T20:29:57 IST" time="0.069" errors="0">
  <testcase name="DatabaseExecuteUpdate" time="0.069" classname="com.crm.comcast_Practice.SampleJDBCExecuteUpdate"/>
  <system-out/>
</testsuite> <!-- com.crm.comcast_Practice.SampleJDBCExecuteUpdate -->
