<?xml version="1.0" encoding="UTF-8"?>
<!-- Generated by org.testng.reporters.JUnitReportReporter -->
<testsuite skipped="0" hostname="DESKTOP-99FK3RL" name="com.crm.comcast_Practice.JavaProgram" tests="1" failures="0" timestamp="2021-06-16T11:06:16 IST" time="0.014" errors="0">
  <testcase name="Seperatechar" time="0.014" classname="com.crm.comcast_Practice.JavaProgram"/>
  <system-out/>
</testsuite> <!-- com.crm.comcast_Practice.JavaProgram -->
