<?xml version="1.0" encoding="UTF-8"?>
<!-- Generated by org.testng.reporters.JUnitReportReporter -->
<testsuite skipped="0" hostname="DESKTOP-99FK3RL" name="com.crm.comcast_Practice.DynamicWebTable" tests="1" failures="0" timestamp="2021-06-09T18:40:19 IST" time="14.049" errors="0">
  <testcase name="DynamicWebTable" time="14.049" classname="com.crm.comcast_Practice.DynamicWebTable"/>
  <system-out/>
</testsuite> <!-- com.crm.comcast_Practice.DynamicWebTable -->
