<?xml version="1.0" encoding="UTF-8"?>
<!-- Generated by org.testng.reporters.JUnitReportReporter -->
<testsuite skipped="0" hostname="DESKTOP-99FK3RL" name="com.crm.comcast.GenericUtiles.XMLFileUtility" tests="1" failures="0" timestamp="2021-06-04T14:25:56 IST" time="0.132" errors="0">
  <testcase name="ReadDatafromXML" time="0.132" classname="com.crm.comcast.GenericUtiles.XMLFileUtility"/>
  <system-out/>
</testsuite> <!-- com.crm.comcast.GenericUtiles.XMLFileUtility -->
