<?xml version="1.0" encoding="UTF-8"?>
<!-- Generated by org.testng.reporters.JUnitReportReporter -->
<testsuite skipped="0" hostname="DESKTOP-99FK3RL" name="com.crm.comcast_Practice.Seperatechar" tests="1" failures="0" timestamp="2021-06-16T10:39:03 IST" time="0.009" errors="0">
  <testcase name="Seperatechar" time="0.009" classname="com.crm.comcast_Practice.Seperatechar"/>
  <system-out/>
</testsuite> <!-- com.crm.comcast_Practice.Seperatechar -->
