<?xml version="1.0" encoding="UTF-8"?>
<!-- Generated by org.testng.reporters.JUnitReportReporter -->
<testsuite skipped="0" hostname="DESKTOP-99FK3RL" name="com.crm.comcast_Practice.DemoTest" tests="1" failures="0" timestamp="2021-06-15T20:29:57 IST" time="10.576" errors="0">
  <testcase name="demotest" time="10.576" classname="com.crm.comcast_Practice.DemoTest"/>
  <system-out/>
</testsuite> <!-- com.crm.comcast_Practice.DemoTest -->
