<?xml version="1.0" encoding="UTF-8"?>
<!-- Generated by org.testng.reporters.JUnitReportReporter -->
<testsuite skipped="0" hostname="DESKTOP-99FK3RL" name="com.crm.comcast_Practice.TestNGDemo" tests="5" failures="0" timestamp="2021-06-16T07:21:15 IST" time="0.013" errors="0">
  <testcase name="DeleteUser" time="0.007" classname="com.crm.comcast_Practice.TestNGDemo"/>
  <system-out/>
  <testcase name="DeleteUser" time="0.001" classname="com.crm.comcast_Practice.TestNGDemo"/>
  <system-out/>
  <testcase name="DeleteUser" time="0.001" classname="com.crm.comcast_Practice.TestNGDemo"/>
  <system-out/>
  <testcase name="CreateUser" time="0.003" classname="com.crm.comcast_Practice.TestNGDemo"/>
  <system-out>
user created  </system-out>
  <testcase name="ModifyUser" time="0.001" classname="com.crm.comcast_Practice.TestNGDemo"/>
  <system-out>
modify User  </system-out>
</testsuite> <!-- com.crm.comcast_Practice.TestNGDemo -->
