<?xml version="1.0" encoding="UTF-8"?>
<!-- Generated by org.testng.reporters.JUnitReportReporter -->
<testsuite skipped="0" hostname="DESKTOP-99FK3RL" name="com.crm.comcast_Practice.SampleJDBCExecuteQuery" tests="1" failures="0" timestamp="2021-06-15T20:29:57 IST" time="0.678" errors="0">
  <testcase name="DatabaseExecuteQuery" time="0.678" classname="com.crm.comcast_Practice.SampleJDBCExecuteQuery"/>
  <system-out/>
</testsuite> <!-- com.crm.comcast_Practice.SampleJDBCExecuteQuery -->
